# JRE version: Java(TM) SE Runtime Environment (8.0_152-b16) (build 1.8.0_152-b16)
# Java VM: Java HotSpot(TM) 64-Bit Server VM (25.152-b16 mixed mode windows-amd64 compressed oops)
Heap:
 PSYoungGen      total 503808K, used 183680K [0x0000000755580000, 0x0000000780e00000, 0x00000007c0000000)
  eden space 381952K, 18% used [0x0000000755580000,0x0000000759983be0,0x000000076ca80000)
  from space 121856K, 93% used [0x000000076ca80000,0x00000007739dc490,0x0000000774180000)
  to   space 137728K, 0% used [0x0000000778780000,0x0000000778780000,0x0000000780e00000)
 ParOldGen       total 233984K, used 116880K [0x0000000680000000, 0x000000068e480000, 0x0000000755580000)
  object space 233984K, 49% used [0x0000000680000000,0x0000000687224330,0x000000068e480000)
 Metaspace       used 59801K, capacity 61454K, committed 61696K, reserved 1103872K
  class space    used 7007K, capacity 7386K, committed 7424K, reserved 1048576K
GC Heap History (10 events):
Event: 24.527 GC heap before
{Heap before GC invocations=23 (full 4):
 PSYoungGen      total 353280K, used 348638K [0x0000000755580000, 0x0000000771180000, 0x00000007c0000000)
  eden space 304128K, 100% used [0x0000000755580000,0x0000000767e80000,0x0000000767e80000)
  from space 49152K, 90% used [0x000000076e180000,0x0000000770cf7800,0x0000000771180000)
  to   space 75264K, 0% used [0x0000000767e80000,0x0000000767e80000,0x000000076c800000)
 ParOldGen       total 233984K, used 116840K [0x0000000680000000, 0x000000068e480000, 0x0000000755580000)
  object space 233984K, 49% used [0x0000000680000000,0x000000068721a330,0x000000068e480000)
 Metaspace       used 58382K, capacity 59936K, committed 60160K, reserved 1101824K
  class space    used 6952K, capacity 7315K, committed 7424K, reserved 1048576K
Event: 24.579 GC heap after
Heap after GC invocations=23 (full 4):
 PSYoungGen      total 379392K, used 63834K [0x0000000755580000, 0x0000000775100000, 0x00000007c0000000)
  eden space 304128K, 0% used [0x0000000755580000,0x0000000755580000,0x0000000767e80000)
  from space 75264K, 84% used [0x0000000767e80000,0x000000076bcd6b60,0x000000076c800000)
  to   space 81920K, 0% used [0x0000000770100000,0x0000000770100000,0x0000000775100000)
 ParOldGen       total 233984K, used 116848K [0x0000000680000000, 0x000000068e480000, 0x0000000755580000)
  object space 233984K, 49% used [0x0000000680000000,0x000000068721c330,0x000000068e480000)
 Metaspace       used 58382K, capacity 59936K, committed 60160K, reserved 1101824K
  class space    used 6952K, capacity 7315K, committed 7424K, reserved 1048576K
}
Event: 27.316 GC heap before
{Heap before GC invocations=24 (full 4):
 PSYoungGen      total 379392K, used 367962K [0x0000000755580000, 0x0000000775100000, 0x00000007c0000000)
  eden space 304128K, 100% used [0x0000000755580000,0x0000000767e80000,0x0000000767e80000)
  from space 75264K, 84% used [0x0000000767e80000,0x000000076bcd6b60,0x000000076c800000)
  to   space 81920K, 0% used [0x0000000770100000,0x0000000770100000,0x0000000775100000)
 ParOldGen       total 233984K, used 116848K [0x0000000680000000, 0x000000068e480000, 0x0000000755580000)
  object space 233984K, 49% used [0x0000000680000000,0x000000068721c330,0x000000068e480000)
 Metaspace       used 58819K, capacity 60394K, committed 60672K, reserved 1101824K
  class space    used 6962K, capacity 7316K, committed 7424K, reserved 1048576K
Event: 27.364 GC heap after
Heap after GC invocations=24 (full 4):
 PSYoungGen      total 426496K, used 78550K [0x0000000755580000, 0x0000000776400000, 0x00000007c0000000)
  eden space 344576K, 0% used [0x0000000755580000,0x0000000755580000,0x000000076a600000)
  from space 81920K, 95% used [0x0000000770100000,0x0000000774db5bf0,0x0000000775100000)
  to   space 93184K, 0% used [0x000000076a600000,0x000000076a600000,0x0000000770100000)
 ParOldGen       total 233984K, used 116856K [0x0000000680000000, 0x000000068e480000, 0x0000000755580000)
  object space 233984K, 49% used [0x0000000680000000,0x000000068721e330,0x000000068e480000)
 Metaspace       used 58819K, capacity 60394K, committed 60672K, reserved 1101824K
  class space    used 6962K, capacity 7316K, committed 7424K, reserved 1048576K
}
Event: 29.756 GC heap before
{Heap before GC invocations=25 (full 4):
 PSYoungGen      total 426496K, used 423126K [0x0000000755580000, 0x0000000776400000, 0x00000007c0000000)
  eden space 344576K, 100% used [0x0000000755580000,0x000000076a600000,0x000000076a600000)
  from space 81920K, 95% used [0x0000000770100000,0x0000000774db5bf0,0x0000000775100000)
  to   space 93184K, 0% used [0x000000076a600000,0x000000076a600000,0x0000000770100000)
 ParOldGen       total 233984K, used 116856K [0x0000000680000000, 0x000000068e480000, 0x0000000755580000)
  object space 233984K, 49% used [0x0000000680000000,0x000000068721e330,0x000000068e480000)
 Metaspace       used 59015K, capacity 60624K, committed 60928K, reserved 1103872K
  class space    used 6965K, capacity 7349K, committed 7424K, reserved 1048576K
Event: 29.804 GC heap after
Heap after GC invocations=25 (full 4):
 PSYoungGen      total 437760K, used 90498K [0x0000000755580000, 0x000000077a900000, 0x00000007c0000000)
  eden space 344576K, 0% used [0x0000000755580000,0x0000000755580000,0x000000076a600000)
  from space 93184K, 97% used [0x000000076a600000,0x000000076fe60a88,0x0000000770100000)
  to   space 105984K, 0% used [0x0000000774180000,0x0000000774180000,0x000000077a900000)
 ParOldGen       total 233984K, used 116864K [0x0000000680000000, 0x000000068e480000, 0x0000000755580000)
  object space 233984K, 49% used [0x0000000680000000,0x0000000687220330,0x000000068e480000)
 Metaspace       used 59015K, capacity 60624K, committed 60928K, reserved 1103872K
  class space    used 6965K, capacity 7349K, committed 7424K, reserved 1048576K
}
Event: 32.098 GC heap before
{Heap before GC invocations=26 (full 4):
 PSYoungGen      total 437760K, used 435074K [0x0000000755580000, 0x000000077a900000, 0x00000007c0000000)
  eden space 344576K, 100% used [0x0000000755580000,0x000000076a600000,0x000000076a600000)
  from space 93184K, 97% used [0x000000076a600000,0x000000076fe60a88,0x0000000770100000)
  to   space 105984K, 0% used [0x0000000774180000,0x0000000774180000,0x000000077a900000)
 ParOldGen       total 233984K, used 116864K [0x0000000680000000, 0x000000068e480000, 0x0000000755580000)
  object space 233984K, 49% used [0x0000000680000000,0x0000000687220330,0x000000068e480000)
 Metaspace       used 59259K, capacity 60886K, committed 61184K, reserved 1103872K
  class space    used 6969K, capacity 7350K, committed 7424K, reserved 1048576K
Event: 32.162 GC heap after
Heap after GC invocations=26 (full 4):
 PSYoungGen      total 487936K, used 104636K [0x0000000755580000, 0x000000077c900000, 0x00000007c0000000)
  eden space 381952K, 0% used [0x0000000755580000,0x0000000755580000,0x000000076ca80000)
  from space 105984K, 98% used [0x0000000774180000,0x000000077a7af100,0x000000077a900000)
  to   space 121856K, 0% used [0x000000076ca80000,0x000000076ca80000,0x0000000774180000)
 ParOldGen       total 233984K, used 116872K [0x0000000680000000, 0x000000068e480000, 0x0000000755580000)
  object space 233984K, 49% used [0x0000000680000000,0x0000000687222330,0x000000068e480000)
 Metaspace       used 59259K, capacity 60886K, committed 61184K, reserved 1103872K
  class space    used 6969K, capacity 7350K, committed 7424K, reserved 1048576K
}
Event: 36.640 GC heap before
{Heap before GC invocations=27 (full 4):
 PSYoungGen      total 487936K, used 486588K [0x0000000755580000, 0x000000077c900000, 0x00000007c0000000)
  eden space 381952K, 100% used [0x0000000755580000,0x000000076ca80000,0x000000076ca80000)
  from space 105984K, 98% used [0x0000000774180000,0x000000077a7af100,0x000000077a900000)
  to   space 121856K, 0% used [0x000000076ca80000,0x000000076ca80000,0x0000000774180000)
 ParOldGen       total 233984K, used 116872K [0x0000000680000000, 0x000000068e480000, 0x0000000755580000)
  object space 233984K, 49% used [0x0000000680000000,0x0000000687222330,0x000000068e480000)
 Metaspace       used 59672K, capacity 61294K, committed 61440K, reserved 1103872K
  class space    used 6996K, capacity 7354K, committed 7424K, reserved 1048576K
Event: 36.704 GC heap after
Heap after GC invocations=27 (full 4):
 PSYoungGen      total 503808K, used 114033K [0x0000000755580000, 0x0000000780e00000, 0x00000007c0000000)
  eden space 381952K, 0% used [0x0000000755580000,0x0000000755580000,0x000000076ca80000)
  from space 121856K, 93% used [0x000000076ca80000,0x00000007739dc490,0x0000000774180000)
  to   space 137728K, 0% used [0x0000000778780000,0x0000000778780000,0x0000000780e00000)
 ParOldGen       total 233984K, used 116880K [0x0000000680000000, 0x000000068e480000, 0x0000000755580000)
  object space 233984K, 49% used [0x0000000680000000,0x0000000687224330,0x000000068e480000)
 Metaspace       used 59672K, capacity 61294K, committed 61440K, reserved 1103872K
  class space    used 6996K, capacity 7354K, committed 7424K, reserved 1048576K
}

