# JRE version: Java(TM) SE Runtime Environment (8.0_152-b16) (build 1.8.0_152-b16)
# Java VM: Java HotSpot(TM) 64-Bit Server VM (25.152-b16 mixed mode windows-amd64 compressed oops)
Heap:
 PSYoungGen      total 686080K, used 290765K [0x0000000755580000, 0x0000000792400000, 0x00000007c0000000)
  eden space 453120K, 43% used [0x0000000755580000,0x00000007616f7620,0x0000000771000000)
  from space 232960K, 39% used [0x0000000780f00000,0x000000078697bf28,0x000000078f280000)
  to   space 261120K, 0% used [0x0000000771000000,0x0000000771000000,0x0000000780f00000)
 ParOldGen       total 354304K, used 222644K [0x0000000680000000, 0x0000000695a00000, 0x0000000755580000)
  object space 354304K, 62% used [0x0000000680000000,0x000000068d96d230,0x0000000695a00000)
 Metaspace       used 72302K, capacity 74318K, committed 74496K, reserved 1116160K
  class space    used 7988K, capacity 8428K, committed 8448K, reserved 1048576K
GC Heap History (10 events):
Event: 7691.131 GC heap before
{Heap before GC invocations=50 (full 8):
 PSYoungGen      total 714240K, used 714236K [0x0000000755580000, 0x0000000792400000, 0x00000007c0000000)
  eden space 453120K, 100% used [0x0000000755580000,0x0000000771000000,0x0000000771000000)
  from space 261120K, 99% used [0x0000000771000000,0x0000000780eff2b8,0x0000000780f00000)
  to   space 232960K, 0% used [0x0000000780f00000,0x0000000780f00000,0x000000078f280000)
 ParOldGen       total 354304K, used 39878K [0x0000000680000000, 0x0000000695a00000, 0x0000000755580000)
  object space 354304K, 11% used [0x0000000680000000,0x00000006826f1848,0x0000000695a00000)
 Metaspace       used 71438K, capacity 73382K, committed 73728K, reserved 1114112K
  class space    used 7934K, capacity 8344K, committed 8448K, reserved 1048576K
Event: 7691.295 GC heap after
Heap after GC invocations=50 (full 8):
 PSYoungGen      total 686080K, used 232944K [0x0000000755580000, 0x0000000792400000, 0x00000007c0000000)
  eden space 453120K, 0% used [0x0000000755580000,0x0000000755580000,0x0000000771000000)
  from space 232960K, 99% used [0x0000000780f00000,0x000000078f27c040,0x000000078f280000)
  to   space 261120K, 0% used [0x0000000771000000,0x0000000771000000,0x0000000780f00000)
 ParOldGen       total 354304K, used 71022K [0x0000000680000000, 0x0000000695a00000, 0x0000000755580000)
  object space 354304K, 20% used [0x0000000680000000,0x000000068455b9e0,0x0000000695a00000)
 Metaspace       used 71438K, capacity 73382K, committed 73728K, reserved 1114112K
  class space    used 7934K, capacity 8344K, committed 8448K, reserved 1048576K
}
Event: 7693.136 GC heap before
{Heap before GC invocations=51 (full 8):
 PSYoungGen      total 686080K, used 686064K [0x0000000755580000, 0x0000000792400000, 0x00000007c0000000)
  eden space 453120K, 100% used [0x0000000755580000,0x0000000771000000,0x0000000771000000)
  from space 232960K, 99% used [0x0000000780f00000,0x000000078f27c040,0x000000078f280000)
  to   space 261120K, 0% used [0x0000000771000000,0x0000000771000000,0x0000000780f00000)
 ParOldGen       total 354304K, used 71022K [0x0000000680000000, 0x0000000695a00000, 0x0000000755580000)
  object space 354304K, 20% used [0x0000000680000000,0x000000068455b9e0,0x0000000695a00000)
 Metaspace       used 71682K, capacity 73674K, committed 73984K, reserved 1114112K
  class space    used 7942K, capacity 8348K, committed 8448K, reserved 1048576K
Event: 7693.494 GC heap after
Heap after GC invocations=51 (full 8):
 PSYoungGen      total 714240K, used 166118K [0x0000000755580000, 0x0000000792400000, 0x00000007c0000000)
  eden space 453120K, 0% used [0x0000000755580000,0x0000000755580000,0x0000000771000000)
  from space 261120K, 63% used [0x0000000771000000,0x000000077b2398c8,0x0000000780f00000)
  to   space 232960K, 0% used [0x0000000780f00000,0x0000000780f00000,0x000000078f280000)
 ParOldGen       total 354304K, used 141033K [0x0000000680000000, 0x0000000695a00000, 0x0000000755580000)
  object space 354304K, 39% used [0x0000000680000000,0x00000006889ba440,0x0000000695a00000)
 Metaspace       used 71682K, capacity 73674K, committed 73984K, reserved 1114112K
  class space    used 7942K, capacity 8348K, committed 8448K, reserved 1048576K
}
Event: 7695.035 GC heap before
{Heap before GC invocations=52 (full 8):
 PSYoungGen      total 714240K, used 619238K [0x0000000755580000, 0x0000000792400000, 0x00000007c0000000)
  eden space 453120K, 100% used [0x0000000755580000,0x0000000771000000,0x0000000771000000)
  from space 261120K, 63% used [0x0000000771000000,0x000000077b2398c8,0x0000000780f00000)
  to   space 232960K, 0% used [0x0000000780f00000,0x0000000780f00000,0x000000078f280000)
 ParOldGen       total 354304K, used 141033K [0x0000000680000000, 0x0000000695a00000, 0x0000000755580000)
  object space 354304K, 39% used [0x0000000680000000,0x00000006889ba440,0x0000000695a00000)
 Metaspace       used 71840K, capacity 73844K, committed 73984K, reserved 1114112K
  class space    used 7948K, capacity 8383K, committed 8448K, reserved 1048576K
Event: 7695.105 GC heap after
Heap after GC invocations=52 (full 8):
 PSYoungGen      total 686080K, used 157022K [0x0000000755580000, 0x0000000792400000, 0x00000007c0000000)
  eden space 453120K, 0% used [0x0000000755580000,0x0000000755580000,0x0000000771000000)
  from space 232960K, 67% used [0x0000000780f00000,0x000000078a857bb8,0x000000078f280000)
  to   space 261120K, 0% used [0x0000000771000000,0x0000000771000000,0x0000000780f00000)
 ParOldGen       total 354304K, used 151305K [0x0000000680000000, 0x0000000695a00000, 0x0000000755580000)
  object space 354304K, 42% used [0x0000000680000000,0x00000006893c24a0,0x0000000695a00000)
 Metaspace       used 71840K, capacity 73844K, committed 73984K, reserved 1114112K
  class space    used 7948K, capacity 8383K, committed 8448K, reserved 1048576K
}
Event: 7696.087 GC heap before
{Heap before GC invocations=53 (full 8):
 PSYoungGen      total 686080K, used 610142K [0x0000000755580000, 0x0000000792400000, 0x00000007c0000000)
  eden space 453120K, 100% used [0x0000000755580000,0x0000000771000000,0x0000000771000000)
  from space 232960K, 67% used [0x0000000780f00000,0x000000078a857bb8,0x000000078f280000)
  to   space 261120K, 0% used [0x0000000771000000,0x0000000771000000,0x0000000780f00000)
 ParOldGen       total 354304K, used 151305K [0x0000000680000000, 0x0000000695a00000, 0x0000000755580000)
  object space 354304K, 42% used [0x0000000680000000,0x00000006893c24a0,0x0000000695a00000)
 Metaspace       used 71881K, capacity 73848K, committed 73984K, reserved 1114112K
  class space    used 7948K, capacity 8383K, committed 8448K, reserved 1048576K
Event: 7696.314 GC heap after
Heap after GC invocations=53 (full 8):
 PSYoungGen      total 714240K, used 117748K [0x0000000755580000, 0x0000000792400000, 0x00000007c0000000)
  eden space 453120K, 0% used [0x0000000755580000,0x0000000755580000,0x0000000771000000)
  from space 261120K, 45% used [0x0000000771000000,0x00000007782fd0f0,0x0000000780f00000)
  to   space 232960K, 0% used [0x0000000780f00000,0x0000000780f00000,0x000000078f280000)
 ParOldGen       total 354304K, used 191428K [0x0000000680000000, 0x0000000695a00000, 0x0000000755580000)
  object space 354304K, 54% used [0x0000000680000000,0x000000068baf11d0,0x0000000695a00000)
 Metaspace       used 71881K, capacity 73848K, committed 73984K, reserved 1114112K
  class space    used 7948K, capacity 8383K, committed 8448K, reserved 1048576K
}
Event: 7697.809 GC heap before
{Heap before GC invocations=54 (full 8):
 PSYoungGen      total 714240K, used 570868K [0x0000000755580000, 0x0000000792400000, 0x00000007c0000000)
  eden space 453120K, 100% used [0x0000000755580000,0x0000000771000000,0x0000000771000000)
  from space 261120K, 45% used [0x0000000771000000,0x00000007782fd0f0,0x0000000780f00000)
  to   space 232960K, 0% used [0x0000000780f00000,0x0000000780f00000,0x000000078f280000)
 ParOldGen       total 354304K, used 191428K [0x0000000680000000, 0x0000000695a00000, 0x0000000755580000)
  object space 354304K, 54% used [0x0000000680000000,0x000000068baf11d0,0x0000000695a00000)
 Metaspace       used 71970K, capacity 73936K, committed 74240K, reserved 1116160K
  class space    used 7951K, capacity 8387K, committed 8448K, reserved 1048576K
Event: 7697.905 GC heap after
Heap after GC invocations=54 (full 8):
 PSYoungGen      total 686080K, used 92655K [0x0000000755580000, 0x0000000792400000, 0x00000007c0000000)
  eden space 453120K, 0% used [0x0000000755580000,0x0000000755580000,0x0000000771000000)
  from space 232960K, 39% used [0x0000000780f00000,0x000000078697bf28,0x000000078f280000)
  to   space 261120K, 0% used [0x0000000771000000,0x0000000771000000,0x0000000780f00000)
 ParOldGen       total 354304K, used 222644K [0x0000000680000000, 0x0000000695a00000, 0x0000000755580000)
  object space 354304K, 62% used [0x0000000680000000,0x000000068d96d230,0x0000000695a00000)
 Metaspace       used 71970K, capacity 73936K, committed 74240K, reserved 1116160K
  class space    used 7951K, capacity 8387K, committed 8448K, reserved 1048576K
}

